Chain INPUT (policy ACCEPT)
target     prot opt source               destination         
KUBE-EXTERNAL-SERVICES  all  --  anywhere             anywhere             ctstate NEW /* kubernetes externally-visible service portals */
KUBE-FIREWALL  all  --  anywhere             anywhere            

Chain FORWARD (policy DROP)
target     prot opt source               destination         
KUBE-FORWARD  all  --  anywhere             anywhere             /* kubernetes forwarding rules */
DOCKER-ISOLATION  all  --  anywhere             anywhere            
DOCKER     all  --  anywhere             anywhere            
ACCEPT     all  --  anywhere             anywhere             ctstate RELATED,ESTABLISHED
ACCEPT     all  --  anywhere             anywhere            
ACCEPT     all  --  anywhere             anywhere            
ACCEPT     all  --  bogon/16             anywhere            
ACCEPT     all  --  anywhere             bogon/16            

Chain OUTPUT (policy ACCEPT)
target     prot opt source               destination         
KUBE-SERVICES  all  --  anywhere             anywhere             ctstate NEW /* kubernetes service portals */
KUBE-FIREWALL  all  --  anywhere             anywhere            

Chain DOCKER (1 references)
target     prot opt source               destination         

Chain DOCKER-ISOLATION (1 references)
target     prot opt source               destination         
RETURN     all  --  anywhere             anywhere            

Chain KUBE-EXTERNAL-SERVICES (1 references)
target     prot opt source               destination         

Chain KUBE-FIREWALL (2 references)
target     prot opt source               destination         
DROP       all  --  anywhere             anywhere             /* kubernetes firewall for dropping marked packets */ mark match 0x8000/0x8000

Chain KUBE-FORWARD (1 references)
target     prot opt source               destination         
ACCEPT     all  --  anywhere             anywhere             /* kubernetes forwarding rules */ mark match 0x4000/0x4000
ACCEPT     all  --  bogon/16             anywhere             /* kubernetes forwarding conntrack pod source rule */ ctstate RELATED,ESTABLISHED
ACCEPT     all  --  anywhere             bogon/16             /* kubernetes forwarding conntrack pod destination rule */ ctstate RELATED,ESTABLISHED

Chain KUBE-SERVICES (1 references)
target     prot opt source               destination         
